2018-04-24 19:04:03,885 [Worker-1] INFO  c.g.t.t.d.PublishedGradleVersions - Gradle version information cache is out-of-date. Trying to update.
2018-04-24 19:05:54,165 [Worker-2] INFO  o.e.m.c.i.l.LifecycleMappingFactory - Using org.eclipse.m2e.jdt.JarLifecycleMapping lifecycle mapping for MavenProject: cisc181.Fall2017.edu:FlamingoJabber:0.0.1-SNAPSHOT @ C:\Users\diver9\Desktop\Lab4Starter-master\FlamingoJabber\pom.xml.
2018-04-24 19:05:54,193 [Worker-2] WARN  o.e.m.c.i.embedder.EclipseLogger - The POM for cisc181.Fall2017.edu:FlamingoBLL:jar:0.0.1-SNAPSHOT is missing, no dependency information available
2018-04-24 19:05:57,280 [Worker-2] INFO  o.e.m.c.i.embedder.EclipseLogger - Using 'UTF-8' encoding to copy filtered resources.
2018-04-24 19:05:57,290 [Worker-2] INFO  o.e.m.c.i.embedder.EclipseLogger - Copying 1 resource
2018-04-24 19:05:57,312 [Worker-2] INFO  o.e.m.c.i.embedder.EclipseLogger - Using 'UTF-8' encoding to copy filtered resources.
2018-04-24 19:05:57,312 [Worker-2] INFO  o.e.m.c.i.embedder.EclipseLogger - skip non existing resourceDirectory C:\Users\diver9\Desktop\Lab4Starter-master\FlamingoJabber\src\test\resources
2018-04-24 19:05:57,961 [Worker-11] WARN  o.e.m.c.i.embedder.EclipseLogger - The POM for cisc181.Fall2017.edu:FlamingoBLL:jar:0.0.1-SNAPSHOT is missing, no dependency information available
2018-04-24 19:05:58,242 [Worker-11] INFO  o.e.m.c.i.embedder.EclipseLogger - Using 'UTF-8' encoding to copy filtered resources.
2018-04-24 19:05:58,244 [Worker-11] INFO  o.e.m.c.i.embedder.EclipseLogger - Copying 1 resource
2018-04-24 19:05:58,247 [Worker-11] INFO  o.e.m.c.i.embedder.EclipseLogger - Using 'UTF-8' encoding to copy filtered resources.
2018-04-24 19:05:58,248 [Worker-11] INFO  o.e.m.c.i.embedder.EclipseLogger - skip non existing resourceDirectory C:\Users\diver9\Desktop\Lab4Starter-master\FlamingoJabber\src\test\resources
2018-04-24 19:05:58,419 [Worker-0] INFO  o.e.m.c.i.embedder.EclipseLogger - Using 'UTF-8' encoding to copy filtered resources.
2018-04-24 19:05:58,420 [Worker-0] INFO  o.e.m.c.i.embedder.EclipseLogger - Copying 1 resource
2018-04-24 19:05:58,423 [Worker-0] INFO  o.e.m.c.i.embedder.EclipseLogger - Using 'UTF-8' encoding to copy filtered resources.
2018-04-24 19:05:58,423 [Worker-0] INFO  o.e.m.c.i.embedder.EclipseLogger - skip non existing resourceDirectory C:\Users\diver9\Desktop\Lab4Starter-master\FlamingoJabber\src\test\resources
2018-04-24 19:05:58,575 [Worker-10] WARN  o.e.m.c.i.embedder.EclipseLogger - The POM for cisc181.Fall2017.edu:FlamingoBLL:jar:0.0.1-SNAPSHOT is missing, no dependency information available
2018-04-24 19:05:59,066 [Worker-10] INFO  o.e.m.c.i.embedder.EclipseLogger - Using 'UTF-8' encoding to copy filtered resources.
2018-04-24 19:05:59,067 [Worker-10] INFO  o.e.m.c.i.embedder.EclipseLogger - Copying 1 resource
2018-04-24 19:05:59,106 [Worker-10] INFO  o.e.m.c.i.embedder.EclipseLogger - Using 'UTF-8' encoding to copy filtered resources.
2018-04-24 19:05:59,134 [Worker-10] INFO  o.e.m.c.i.embedder.EclipseLogger - skip non existing resourceDirectory C:\Users\diver9\Desktop\Lab4Starter-master\FlamingoJabber\src\test\resources
2018-04-24 19:05:59,186 [Worker-15] INFO  o.e.m.c.i.embedder.EclipseLogger - Using 'UTF-8' encoding to copy filtered resources.
2018-04-24 19:05:59,187 [Worker-15] INFO  o.e.m.c.i.embedder.EclipseLogger - Copying 1 resource
2018-04-24 19:05:59,189 [Worker-15] INFO  o.e.m.c.i.embedder.EclipseLogger - Using 'UTF-8' encoding to copy filtered resources.
2018-04-24 19:05:59,197 [Worker-15] INFO  o.e.m.c.i.embedder.EclipseLogger - skip non existing resourceDirectory C:\Users\diver9\Desktop\Lab4Starter-master\FlamingoJabber\src\test\resources
2018-04-24 19:05:59,227 [Worker-2] INFO  o.e.m.c.i.embedder.EclipseLogger - Using 'UTF-8' encoding to copy filtered resources.
2018-04-24 19:05:59,228 [Worker-2] INFO  o.e.m.c.i.embedder.EclipseLogger - Copying 1 resource
2018-04-24 19:05:59,230 [Worker-2] INFO  o.e.m.c.i.embedder.EclipseLogger - Using 'UTF-8' encoding to copy filtered resources.
2018-04-24 19:05:59,231 [Worker-2] INFO  o.e.m.c.i.embedder.EclipseLogger - skip non existing resourceDirectory C:\Users\diver9\Desktop\Lab4Starter-master\FlamingoJabber\src\test\resources
2018-04-24 19:05:59,639 [Worker-14] INFO  o.e.m.c.i.l.LifecycleMappingFactory - Using org.eclipse.m2e.jdt.JarLifecycleMapping lifecycle mapping for MavenProject: cisc181.Fall2017.edu:FlamingoBLL:0.0.1-SNAPSHOT @ C:\Users\diver9\Desktop\Lab4Starter-master\FlamingoBLL\pom.xml.
2018-04-24 19:06:00,496 [Worker-14] INFO  o.e.m.c.i.l.LifecycleMappingFactory - Using org.eclipse.m2e.jdt.JarLifecycleMapping lifecycle mapping for MavenProject: cisc181.Fall2017.edu:FlamingoJabber:0.0.1-SNAPSHOT @ C:\Users\diver9\Desktop\Lab4Starter-master\FlamingoJabber\pom.xml.
2018-04-24 19:06:00,648 [Worker-14] INFO  o.e.m.c.i.l.LifecycleMappingFactory - Using org.eclipse.m2e.jdt.JarLifecycleMapping lifecycle mapping for MavenProject: cisc181.Fall2017.edu:FlamingoJavaFX:0.0.1-SNAPSHOT @ C:\Users\diver9\Desktop\Lab4Starter-master\FlamingoJavaFX\pom.xml.
2018-04-24 19:06:07,624 [Worker-1] INFO  o.e.m.c.i.embedder.EclipseLogger - Using 'UTF-8' encoding to copy filtered resources.
2018-04-24 19:06:07,624 [Worker-1] INFO  o.e.m.c.i.embedder.EclipseLogger - Copying 2 resources
2018-04-24 19:06:07,671 [Worker-1] INFO  o.e.m.c.i.embedder.EclipseLogger - Using 'UTF-8' encoding to copy filtered resources.
2018-04-24 19:06:07,679 [Worker-1] INFO  o.e.m.c.i.embedder.EclipseLogger - Copying 1 resource
2018-04-24 19:06:08,246 [Worker-1] INFO  o.e.m.c.i.embedder.EclipseLogger - Using 'UTF-8' encoding to copy filtered resources.
2018-04-24 19:06:08,251 [Worker-1] INFO  o.e.m.c.i.embedder.EclipseLogger - Copying 1 resource
2018-04-24 19:06:08,262 [Worker-1] INFO  o.e.m.c.i.embedder.EclipseLogger - Using 'UTF-8' encoding to copy filtered resources.
2018-04-24 19:06:08,262 [Worker-1] INFO  o.e.m.c.i.embedder.EclipseLogger - skip non existing resourceDirectory C:\Users\diver9\Desktop\Lab4Starter-master\FlamingoJabber\src\test\resources
2018-04-24 19:06:09,667 [Worker-7] INFO  o.e.m.c.i.embedder.EclipseLogger - Using 'UTF-8' encoding to copy filtered resources.
2018-04-24 19:06:09,672 [Worker-7] INFO  o.e.m.c.i.embedder.EclipseLogger - Copying 65 resources
2018-04-24 19:06:10,584 [Worker-7] INFO  o.e.m.c.i.embedder.EclipseLogger - Using 'UTF-8' encoding to copy filtered resources.
2018-04-24 19:06:10,584 [Worker-7] INFO  o.e.m.c.i.embedder.EclipseLogger - Copying 1 resource
2018-04-24 19:09:12,965 [Worker-4] INFO  o.e.m.c.i.embedder.EclipseLogger - Using 'UTF-8' encoding to copy filtered resources.
2018-04-24 19:09:12,981 [Worker-4] INFO  o.e.m.c.i.embedder.EclipseLogger - Copying 0 resource
2018-04-24 19:09:12,992 [Worker-4] INFO  o.e.m.c.i.embedder.EclipseLogger - Using 'UTF-8' encoding to copy filtered resources.
2018-04-24 19:09:12,993 [Worker-4] INFO  o.e.m.c.i.embedder.EclipseLogger - Copying 0 resource
2018-04-24 19:09:13,120 [Worker-4] INFO  o.e.m.c.i.embedder.EclipseLogger - Using 'UTF-8' encoding to copy filtered resources.
2018-04-24 19:09:13,121 [Worker-4] INFO  o.e.m.c.i.embedder.EclipseLogger - Copying 0 resource
2018-04-24 19:09:13,126 [Worker-4] INFO  o.e.m.c.i.embedder.EclipseLogger - Using 'UTF-8' encoding to copy filtered resources.
2018-04-24 19:09:13,126 [Worker-4] INFO  o.e.m.c.i.embedder.EclipseLogger - skip non existing resourceDirectory C:\Users\diver9\Desktop\Lab4Starter-master\FlamingoJabber\src\test\resources
2018-04-24 19:09:13,165 [Worker-4] INFO  o.e.m.c.i.embedder.EclipseLogger - Using 'UTF-8' encoding to copy filtered resources.
2018-04-24 19:09:13,165 [Worker-4] INFO  o.e.m.c.i.embedder.EclipseLogger - Copying 0 resource
2018-04-24 19:09:13,167 [Worker-4] INFO  o.e.m.c.i.embedder.EclipseLogger - Using 'UTF-8' encoding to copy filtered resources.
2018-04-24 19:09:13,167 [Worker-4] INFO  o.e.m.c.i.embedder.EclipseLogger - Copying 0 resource
2018-04-24 19:45:23,431 [Worker-3] INFO  c.g.t.t.d.PublishedGradleVersions - Gradle version information cache is up-to-date. Trying to read.
2018-04-24 21:11:05,671 [Worker-0] INFO  c.g.t.t.d.PublishedGradleVersions - Gradle version information cache is up-to-date. Trying to read.
2018-04-24 21:52:08,665 [Worker-16] INFO  o.e.m.c.i.embedder.EclipseLogger - Using 'UTF-8' encoding to copy filtered resources.
2018-04-24 21:52:08,673 [Worker-16] INFO  o.e.m.c.i.embedder.EclipseLogger - Copying 2 resources
2018-04-24 21:52:08,698 [Worker-16] INFO  o.e.m.c.i.embedder.EclipseLogger - Using 'UTF-8' encoding to copy filtered resources.
2018-04-24 21:52:08,699 [Worker-16] INFO  o.e.m.c.i.embedder.EclipseLogger - Copying 1 resource
2018-04-24 21:52:09,324 [Worker-16] INFO  o.e.m.c.i.embedder.EclipseLogger - Using 'UTF-8' encoding to copy filtered resources.
2018-04-24 21:52:09,325 [Worker-16] INFO  o.e.m.c.i.embedder.EclipseLogger - Copying 1 resource
2018-04-24 21:52:09,331 [Worker-16] INFO  o.e.m.c.i.embedder.EclipseLogger - Using 'UTF-8' encoding to copy filtered resources.
2018-04-24 21:52:09,332 [Worker-16] INFO  o.e.m.c.i.embedder.EclipseLogger - skip non existing resourceDirectory C:\Users\diver9\Desktop\Lab4Starter-master\FlamingoJabber\src\test\resources
2018-04-24 21:52:10,381 [Worker-16] INFO  o.e.m.c.i.embedder.EclipseLogger - Using 'UTF-8' encoding to copy filtered resources.
2018-04-24 21:52:10,384 [Worker-16] INFO  o.e.m.c.i.embedder.EclipseLogger - Copying 65 resources
2018-04-24 21:52:10,767 [Worker-16] INFO  o.e.m.c.i.embedder.EclipseLogger - Using 'UTF-8' encoding to copy filtered resources.
2018-04-24 21:52:10,768 [Worker-16] INFO  o.e.m.c.i.embedder.EclipseLogger - Copying 1 resource
2018-04-24 21:52:13,622 [Worker-15] INFO  o.e.m.c.i.embedder.EclipseLogger - Using 'UTF-8' encoding to copy filtered resources.
2018-04-24 21:52:13,639 [Worker-15] INFO  o.e.m.c.i.embedder.EclipseLogger - Copying 65 resources
2018-04-24 21:52:13,650 [Worker-15] INFO  o.e.m.c.i.embedder.EclipseLogger - Using 'UTF-8' encoding to copy filtered resources.
2018-04-24 21:52:13,665 [Worker-15] INFO  o.e.m.c.i.embedder.EclipseLogger - Copying 0 resource
2018-04-24 21:55:38,105 [Worker-22] INFO  o.e.m.c.i.embedder.EclipseLogger - Using 'UTF-8' encoding to copy filtered resources.
2018-04-24 21:55:38,113 [Worker-22] INFO  o.e.m.c.i.embedder.EclipseLogger - Copying 65 resources
2018-04-24 21:55:38,124 [Worker-22] INFO  o.e.m.c.i.embedder.EclipseLogger - Using 'UTF-8' encoding to copy filtered resources.
2018-04-24 21:55:38,196 [Worker-22] INFO  o.e.m.c.i.embedder.EclipseLogger - Copying 0 resource
2018-04-24 21:57:44,866 [Worker-25] INFO  o.e.m.c.i.embedder.EclipseLogger - Using 'UTF-8' encoding to copy filtered resources.
2018-04-24 21:57:44,882 [Worker-25] INFO  o.e.m.c.i.embedder.EclipseLogger - Copying 65 resources
2018-04-24 21:57:44,900 [Worker-25] INFO  o.e.m.c.i.embedder.EclipseLogger - Using 'UTF-8' encoding to copy filtered resources.
2018-04-24 21:57:44,911 [Worker-25] INFO  o.e.m.c.i.embedder.EclipseLogger - Copying 0 resource
2018-04-24 21:58:22,707 [Worker-24] INFO  o.e.m.c.i.embedder.EclipseLogger - Using 'UTF-8' encoding to copy filtered resources.
2018-04-24 21:58:22,714 [Worker-24] INFO  o.e.m.c.i.embedder.EclipseLogger - Copying 65 resources
2018-04-24 21:58:22,725 [Worker-24] INFO  o.e.m.c.i.embedder.EclipseLogger - Using 'UTF-8' encoding to copy filtered resources.
2018-04-24 21:58:22,754 [Worker-24] INFO  o.e.m.c.i.embedder.EclipseLogger - Copying 0 resource
2018-04-24 21:59:33,208 [Worker-0] INFO  c.g.t.t.d.PublishedGradleVersions - Gradle version information cache is up-to-date. Trying to read.
2018-04-24 22:01:25,028 [Worker-4] INFO  c.g.t.t.d.PublishedGradleVersions - Gradle version information cache is up-to-date. Trying to read.
2018-04-24 22:01:31,513 [Worker-8] INFO  o.e.m.c.i.embedder.EclipseLogger - Using 'UTF-8' encoding to copy filtered resources.
2018-04-24 22:01:31,521 [Worker-8] INFO  o.e.m.c.i.embedder.EclipseLogger - Copying 2 resources
2018-04-24 22:01:31,574 [Worker-8] INFO  o.e.m.c.i.embedder.EclipseLogger - Using 'UTF-8' encoding to copy filtered resources.
2018-04-24 22:01:31,575 [Worker-8] INFO  o.e.m.c.i.embedder.EclipseLogger - Copying 1 resource
2018-04-24 22:01:32,541 [Worker-8] INFO  o.e.m.c.i.embedder.EclipseLogger - Using 'UTF-8' encoding to copy filtered resources.
2018-04-24 22:01:32,542 [Worker-8] INFO  o.e.m.c.i.embedder.EclipseLogger - Copying 1 resource
2018-04-24 22:01:32,733 [Worker-8] INFO  o.e.m.c.i.embedder.EclipseLogger - Using 'UTF-8' encoding to copy filtered resources.
2018-04-24 22:01:32,733 [Worker-8] INFO  o.e.m.c.i.embedder.EclipseLogger - skip non existing resourceDirectory C:\Users\diver9\Desktop\Lab4Starter-master\FlamingoJabber\src\test\resources
2018-04-24 22:01:33,577 [Worker-8] INFO  o.e.m.c.i.embedder.EclipseLogger - Using 'UTF-8' encoding to copy filtered resources.
2018-04-24 22:01:33,580 [Worker-8] INFO  o.e.m.c.i.embedder.EclipseLogger - Copying 65 resources
2018-04-24 22:01:33,921 [Worker-8] INFO  o.e.m.c.i.embedder.EclipseLogger - Using 'UTF-8' encoding to copy filtered resources.
2018-04-24 22:01:33,922 [Worker-8] INFO  o.e.m.c.i.embedder.EclipseLogger - Copying 1 resource
2018-04-24 22:06:58,986 [Worker-10] INFO  o.e.m.c.i.embedder.EclipseLogger - Using 'UTF-8' encoding to copy filtered resources.
2018-04-24 22:06:59,002 [Worker-10] INFO  o.e.m.c.i.embedder.EclipseLogger - Copying 65 resources
2018-04-24 22:06:59,012 [Worker-10] INFO  o.e.m.c.i.embedder.EclipseLogger - Using 'UTF-8' encoding to copy filtered resources.
2018-04-24 22:06:59,022 [Worker-10] INFO  o.e.m.c.i.embedder.EclipseLogger - Copying 0 resource
2018-04-24 22:07:01,005 [Worker-9] INFO  o.e.m.c.i.embedder.EclipseLogger - Using 'UTF-8' encoding to copy filtered resources.
2018-04-24 22:07:01,014 [Worker-9] INFO  o.e.m.c.i.embedder.EclipseLogger - Copying 65 resources
2018-04-24 22:07:01,025 [Worker-9] INFO  o.e.m.c.i.embedder.EclipseLogger - Using 'UTF-8' encoding to copy filtered resources.
2018-04-24 22:07:01,032 [Worker-9] INFO  o.e.m.c.i.embedder.EclipseLogger - Copying 0 resource
2018-04-24 22:17:46,650 [Worker-7] INFO  o.e.m.c.i.embedder.EclipseLogger - Using 'UTF-8' encoding to copy filtered resources.
2018-04-24 22:17:46,671 [Worker-7] INFO  o.e.m.c.i.embedder.EclipseLogger - Copying 65 resources
2018-04-24 22:17:46,689 [Worker-7] INFO  o.e.m.c.i.embedder.EclipseLogger - Using 'UTF-8' encoding to copy filtered resources.
2018-04-24 22:17:46,699 [Worker-7] INFO  o.e.m.c.i.embedder.EclipseLogger - Copying 0 resource
2018-04-24 22:18:20,610 [Worker-7] INFO  o.e.m.c.i.embedder.EclipseLogger - Using 'UTF-8' encoding to copy filtered resources.
2018-04-24 22:18:20,618 [Worker-7] INFO  o.e.m.c.i.embedder.EclipseLogger - Copying 65 resources
2018-04-24 22:18:20,629 [Worker-7] INFO  o.e.m.c.i.embedder.EclipseLogger - Using 'UTF-8' encoding to copy filtered resources.
2018-04-24 22:18:20,661 [Worker-7] INFO  o.e.m.c.i.embedder.EclipseLogger - Copying 0 resource
2018-04-24 22:36:39,591 [Worker-23] INFO  o.e.m.c.i.embedder.EclipseLogger - Using 'UTF-8' encoding to copy filtered resources.
2018-04-24 22:36:39,602 [Worker-23] INFO  o.e.m.c.i.embedder.EclipseLogger - Copying 65 resources
2018-04-24 22:36:39,618 [Worker-23] INFO  o.e.m.c.i.embedder.EclipseLogger - Using 'UTF-8' encoding to copy filtered resources.
2018-04-24 22:36:39,627 [Worker-23] INFO  o.e.m.c.i.embedder.EclipseLogger - Copying 0 resource
